#
# There is insufficient memory for the Java Runtime Environment to continue.
# Native memory allocation (malloc) failed to allocate 2104976 bytes for Chunk::new
# Possible reasons:
#   The system is out of physical RAM or swap space
#   The process is running with CompressedOops enabled, and the Java Heap may be blocking the growth of the native heap
# Possible solutions:
#   Reduce memory load on the system
#   Increase physical memory or swap space
#   Check if swap backing store is full
#   Decrease Java heap size (-Xmx/-Xms)
#   Decrease number of Java threads
#   Decrease Java thread stack sizes (-Xss)
#   Set larger code cache with -XX:ReservedCodeCacheSize=
#   JVM is running with Zero Based Compressed Oops mode in which the Java heap is
#     placed in the first 32GB address space. The Java Heap base address is the
#     maximum limit for the native heap growth. Please use -XX:HeapBaseMinAddress
#     to set the Java Heap base and to place the Java Heap above 32GB virtual address.
# This output file may be truncated or incomplete.
#
#  Out of Memory Error (allocation.cpp:390), pid=16200, tid=0x00000000000031dc
#
# JRE version: Java(TM) SE Runtime Environment (8.0_201-b09) (build 1.8.0_201-b09)
# Java VM: Java HotSpot(TM) 64-Bit Server VM (25.201-b09 mixed mode windows-amd64 compressed oops)
# Failed to write core dump. Minidumps are not enabled by default on client versions of Windows
#

---------------  T H R E A D  ---------------

Current thread (0x000000001c78d800):  JavaThread "C2 CompilerThread2" daemon [_thread_in_native, id=12764, stack(0x000000001f090000,0x000000001f190000)]

Stack: [0x000000001f090000,0x000000001f190000]
[error occurred during error reporting (printing stack bounds), id 0xc0000005]

Native frames: (J=compiled Java code, j=interpreted, Vv=VM code, C=native code)


Current CompileTask:
C2:   2716 1686       4       java.net.URLClassLoader$1::run (5 bytes)


---------------  P R O C E S S  ---------------

Java Threads: ( => current thread )
  0x000000001e783000 JavaThread "surefire-forkedjvm-ping-30s" daemon [_thread_blocked, id=18880, stack(0x000000001f590000,0x000000001f690000)]
  0x000000001e6f3800 JavaThread "surefire-forkedjvm-command-thread" daemon [_thread_in_native, id=3824, stack(0x000000001f490000,0x000000001f590000)]
  0x000000001e633800 JavaThread "Service Thread" daemon [_thread_blocked, id=724, stack(0x000000001f290000,0x000000001f390000)]
  0x000000001e5af800 JavaThread "C1 CompilerThread3" daemon [_thread_blocked, id=20932, stack(0x000000001f190000,0x000000001f290000)]
=>0x000000001c78d800 JavaThread "C2 CompilerThread2" daemon [_thread_in_native, id=12764, stack(0x000000001f090000,0x000000001f190000)]
  0x000000001c789000 JavaThread "C2 CompilerThread1" daemon [_thread_in_native, id=14424, stack(0x000000001ef90000,0x000000001f090000)]
  0x000000001e59c000 JavaThread "C2 CompilerThread0" daemon [_thread_in_native, id=11892, stack(0x000000001ee90000,0x000000001ef90000)]
  0x000000001e59a000 JavaThread "Attach Listener" daemon [_thread_blocked, id=9016, stack(0x000000001ed90000,0x000000001ee90000)]
  0x000000001e599000 JavaThread "Signal Dispatcher" daemon [_thread_blocked, id=9768, stack(0x000000001ec90000,0x000000001ed90000)]
  0x000000001e581000 JavaThread "Finalizer" daemon [_thread_blocked, id=2180, stack(0x000000001ea60000,0x000000001eb60000)]
  0x000000001c77d800 JavaThread "Reference Handler" daemon [_thread_blocked, id=11164, stack(0x000000001e960000,0x000000001ea60000)]
  0x0000000002bc3000 JavaThread "main" [_thread_in_native, id=18668, stack(0x0000000002ac0000,0x0000000002bc0000)]

Other Threads:
  0x000000001c779000 VMThread [stack: 0x000000001e460000,0x000000001e560000] [id=14664]
  0x000000001e64c800 WatcherThread [stack: 0x000000001f390000,0x000000001f490000] [id=6232]

VM state:not at safepoint (normal execution)

VM Mutex/Monitor currently owned by a thread: None

heap address: 0x00000006c0a00000, size: 4086 MB, Compressed Oops mode: Zero based, Oop shift amount: 3
Narrow klass base: 0x0000000000000000, Narrow klass shift: 3
Compressed class space size: 1073741824 Address: 0x00000007c0000000

Heap:
 PSYoungGen      total 76288K, used 39502K [0x000000076ae00000, 0x0000000771e80000, 0x00000007c0000000)
  eden space 65536K, 50% used [0x000000076ae00000,0x000000076ce52990,0x000000076ee00000)
  from space 10752K, 59% used [0x000000076f880000,0x000000076fec1158,0x0000000770300000)
  to   space 10752K, 0% used [0x000000076ee00000,0x000000076ee00000,0x000000076f880000)
 ParOldGen       total 107008K, used 6152K [0x00000006c0a00000, 0x00000006c7280000, 0x000000076ae00000)
  object space 107008K, 5% used [0x00000006c0a00000,0x00000006c1002348,0x00000006c7280000)
 Metaspace       used 26174K, capacity 26946K, committed 27184K, reserved 1073152K
  class space    used 3372K, capacity 3566K, committed 3632K, reserved 1048576K

Card table byte_map: [0x0000000012080000,0x0000000012880000] byte_map_base: 0x000000000ea7b000

Marking Bits: (ParMarkBitMap*) 0x000000006b814ce0
 Begin Bits: [0x00000000135e0000, 0x00000000175b8000)
 End Bits:   [0x00000000175b8000, 0x000000001b590000)

Polling page: 0x0000000000b10000

CodeCache: size=245760Kb used=7469Kb max_used=7469Kb free=238290Kb
 bounds [0x0000000002cc0000, 0x0000000003410000, 0x0000000011cc0000]
 total_blobs=2529 nmethods=2124 adapters=317
 compilation: enabled

Compilation events (10 events):
Event: 2.709 Thread 0x000000001e5af800 2128       3       java.lang.Integer::compare (20 bytes)
Event: 2.710 Thread 0x000000001e5af800 nmethod 2128 0x000000000340d710 code [0x000000000340d880, 0x000000000340da70]
Event: 2.710 Thread 0x000000001e5af800 2129       3       java.util.LinkedHashMap::<init> (16 bytes)
Event: 2.710 Thread 0x000000001e5af800 nmethod 2129 0x000000000340dad0 code [0x000000000340dc40, 0x000000000340df88]
Event: 2.710 Thread 0x000000001e5af800 2131       3       org.springframework.boot.context.properties.source.ConfigurationPropertyName::toString (20 bytes)
Event: 2.711 Thread 0x000000001e5af800 nmethod 2131 0x000000000340e0d0 code [0x000000000340e240, 0x000000000340e448]
Event: 2.711 Thread 0x000000001e5af800 2130       3       java.util.HashMap$Node::setValue (12 bytes)
Event: 2.711 Thread 0x000000001e5af800 nmethod 2130 0x000000000340e4d0 code [0x000000000340e620, 0x000000000340e790]
Event: 2.711 Thread 0x000000001e5af800 2132       3       java.util.ArrayDeque::isEmpty (17 bytes)
Event: 2.711 Thread 0x000000001e5af800 nmethod 2132 0x000000000340e810 code [0x000000000340e960, 0x000000000340eb10]

GC Heap History (10 events):
Event: 1.354 GC heap before
{Heap before GC invocations=1 (full 0):
 PSYoungGen      total 76288K, used 65536K [0x000000076ae00000, 0x0000000770300000, 0x00000007c0000000)
  eden space 65536K, 100% used [0x000000076ae00000,0x000000076ee00000,0x000000076ee00000)
  from space 10752K, 0% used [0x000000076f880000,0x000000076f880000,0x0000000770300000)
  to   space 10752K, 0% used [0x000000076ee00000,0x000000076ee00000,0x000000076f880000)
 ParOldGen       total 175104K, used 0K [0x00000006c0a00000, 0x00000006cb500000, 0x000000076ae00000)
  object space 175104K, 0% used [0x00000006c0a00000,0x00000006c0a00000,0x00000006cb500000)
 Metaspace       used 13147K, capacity 13474K, committed 13824K, reserved 1060864K
  class space    used 1602K, capacity 1715K, committed 1792K, reserved 1048576K
Event: 1.363 GC heap after
Heap after GC invocations=1 (full 0):
 PSYoungGen      total 76288K, used 7750K [0x000000076ae00000, 0x0000000770300000, 0x00000007c0000000)
  eden space 65536K, 0% used [0x000000076ae00000,0x000000076ae00000,0x000000076ee00000)
  from space 10752K, 72% used [0x000000076ee00000,0x000000076f591930,0x000000076f880000)
  to   space 10752K, 0% used [0x000000076f880000,0x000000076f880000,0x0000000770300000)
 ParOldGen       total 175104K, used 16K [0x00000006c0a00000, 0x00000006cb500000, 0x000000076ae00000)
  object space 175104K, 0% used [0x00000006c0a00000,0x00000006c0a04000,0x00000006cb500000)
 Metaspace       used 13147K, capacity 13474K, committed 13824K, reserved 1060864K
  class space    used 1602K, capacity 1715K, committed 1792K, reserved 1048576K
}
Event: 1.882 GC heap before
{Heap before GC invocations=2 (full 0):
 PSYoungGen      total 76288K, used 73286K [0x000000076ae00000, 0x0000000770300000, 0x00000007c0000000)
  eden space 65536K, 100% used [0x000000076ae00000,0x000000076ee00000,0x000000076ee00000)
  from space 10752K, 72% used [0x000000076ee00000,0x000000076f591930,0x000000076f880000)
  to   space 10752K, 0% used [0x000000076f880000,0x000000076f880000,0x0000000770300000)
 ParOldGen       total 175104K, used 16K [0x00000006c0a00000, 0x00000006cb500000, 0x000000076ae00000)
  object space 175104K, 0% used [0x00000006c0a00000,0x00000006c0a04000,0x00000006cb500000)
 Metaspace       used 19072K, capacity 19626K, committed 19840K, reserved 1067008K
  class space    used 2499K, capacity 2666K, committed 2688K, reserved 1048576K
Event: 1.891 GC heap after
Heap after GC invocations=2 (full 0):
 PSYoungGen      total 76288K, used 9245K [0x000000076ae00000, 0x0000000770300000, 0x00000007c0000000)
  eden space 65536K, 0% used [0x000000076ae00000,0x000000076ae00000,0x000000076ee00000)
  from space 10752K, 85% used [0x000000076f880000,0x00000007701877e0,0x0000000770300000)
  to   space 10752K, 0% used [0x000000076ee00000,0x000000076ee00000,0x000000076f880000)
 ParOldGen       total 175104K, used 24K [0x00000006c0a00000, 0x00000006cb500000, 0x000000076ae00000)
  object space 175104K, 0% used [0x00000006c0a00000,0x00000006c0a06000,0x00000006cb500000)
 Metaspace       used 19072K, capacity 19626K, committed 19840K, reserved 1067008K
  class space    used 2499K, capacity 2666K, committed 2688K, reserved 1048576K
}
Event: 2.053 GC heap before
{Heap before GC invocations=3 (full 0):
 PSYoungGen      total 76288K, used 21585K [0x000000076ae00000, 0x0000000770300000, 0x00000007c0000000)
  eden space 65536K, 18% used [0x000000076ae00000,0x000000076ba0ce70,0x000000076ee00000)
  from space 10752K, 85% used [0x000000076f880000,0x00000007701877e0,0x0000000770300000)
  to   space 10752K, 0% used [0x000000076ee00000,0x000000076ee00000,0x000000076f880000)
 ParOldGen       total 175104K, used 24K [0x00000006c0a00000, 0x00000006cb500000, 0x000000076ae00000)
  object space 175104K, 0% used [0x00000006c0a00000,0x00000006c0a06000,0x00000006cb500000)
 Metaspace       used 20664K, capacity 21224K, committed 21296K, reserved 1067008K
  class space    used 2665K, capacity 2835K, committed 2864K, reserved 1048576K
Event: 2.065 GC heap after
Heap after GC invocations=3 (full 0):
 PSYoungGen      total 76288K, used 6338K [0x000000076ae00000, 0x0000000770300000, 0x00000007c0000000)
  eden space 65536K, 0% used [0x000000076ae00000,0x000000076ae00000,0x000000076ee00000)
  from space 10752K, 58% used [0x000000076ee00000,0x000000076f430a08,0x000000076f880000)
  to   space 10752K, 0% used [0x000000076f880000,0x000000076f880000,0x0000000770300000)
 ParOldGen       total 175104K, used 32K [0x00000006c0a00000, 0x00000006cb500000, 0x000000076ae00000)
  object space 175104K, 0% used [0x00000006c0a00000,0x00000006c0a08000,0x00000006cb500000)
 Metaspace       used 20664K, capacity 21224K, committed 21296K, reserved 1067008K
  class space    used 2665K, capacity 2835K, committed 2864K, reserved 1048576K
}
Event: 2.065 GC heap before
{Heap before GC invocations=4 (full 1):
 PSYoungGen      total 76288K, used 6338K [0x000000076ae00000, 0x0000000770300000, 0x00000007c0000000)
  eden space 65536K, 0% used [0x000000076ae00000,0x000000076ae00000,0x000000076ee00000)
  from space 10752K, 58% used [0x000000076ee00000,0x000000076f430a08,0x000000076f880000)
  to   space 10752K, 0% used [0x000000076f880000,0x000000076f880000,0x0000000770300000)
 ParOldGen       total 175104K, used 32K [0x00000006c0a00000, 0x00000006cb500000, 0x000000076ae00000)
  object space 175104K, 0% used [0x00000006c0a00000,0x00000006c0a08000,0x00000006cb500000)
 Metaspace       used 20664K, capacity 21224K, committed 21296K, reserved 1067008K
  class space    used 2665K, capacity 2835K, committed 2864K, reserved 1048576K
Event: 2.134 GC heap after
Heap after GC invocations=4 (full 1):
 PSYoungGen      total 76288K, used 0K [0x000000076ae00000, 0x0000000770300000, 0x00000007c0000000)
  eden space 65536K, 0% used [0x000000076ae00000,0x000000076ae00000,0x000000076ee00000)
  from space 10752K, 0% used [0x000000076ee00000,0x000000076ee00000,0x000000076f880000)
  to   space 10752K, 0% used [0x000000076f880000,0x000000076f880000,0x0000000770300000)
 ParOldGen       total 107008K, used 6144K [0x00000006c0a00000, 0x00000006c7280000, 0x000000076ae00000)
  object space 107008K, 5% used [0x00000006c0a00000,0x00000006c1000348,0x00000006c7280000)
 Metaspace       used 20664K, capacity 21224K, committed 21296K, reserved 1067008K
  class space    used 2665K, capacity 2835K, committed 2864K, reserved 1048576K
}
Event: 2.613 GC heap before
{Heap before GC invocations=5 (full 1):
 PSYoungGen      total 76288K, used 65502K [0x000000076ae00000, 0x0000000770300000, 0x00000007c0000000)
  eden space 65536K, 99% used [0x000000076ae00000,0x000000076edf7aa0,0x000000076ee00000)
  from space 10752K, 0% used [0x000000076ee00000,0x000000076ee00000,0x000000076f880000)
  to   space 10752K, 0% used [0x000000076f880000,0x000000076f880000,0x0000000770300000)
 ParOldGen       total 107008K, used 6144K [0x00000006c0a00000, 0x00000006c7280000, 0x000000076ae00000)
  object space 107008K, 5% used [0x00000006c0a00000,0x00000006c1000348,0x00000006c7280000)
 Metaspace       used 25179K, capacity 25980K, committed 26288K, reserved 1073152K
  class space    used 3239K, capacity 3437K, committed 3504K, reserved 1048576K
Event: 2.618 GC heap after
Heap after GC invocations=5 (full 1):
 PSYoungGen      total 76288K, used 6404K [0x000000076ae00000, 0x0000000771e80000, 0x00000007c0000000)
  eden space 65536K, 0% used [0x000000076ae00000,0x000000076ae00000,0x000000076ee00000)
  from space 10752K, 59% used [0x000000076f880000,0x000000076fec1158,0x0000000770300000)
  to   space 10752K, 0% used [0x000000076ee00000,0x000000076ee00000,0x000000076f880000)
 ParOldGen       total 107008K, used 6152K [0x00000006c0a00000, 0x00000006c7280000, 0x000000076ae00000)
  object space 107008K, 5% used [0x00000006c0a00000,0x00000006c1002348,0x00000006c7280000)
 Metaspace       used 25179K, capacity 25980K, committed 26288K, reserved 1073152K
  class space    used 3239K, capacity 3437K, committed 3504K, reserved 1048576K
}

Deoptimization events (10 events):
Event: 1.689 Thread 0x0000000002bc3000 Uncommon trap: reason=unstable_if action=reinterpret pc=0x00000000030d80c0 method=java.net.URL.<init>(Ljava/net/URL;Ljava/lang/String;Ljava/net/URLStreamHandler;)V @ 347
Event: 1.785 Thread 0x0000000002bc3000 Uncommon trap: reason=null_assert action=make_not_entrant pc=0x0000000002fd3468 method=java.util.zip.ZipEntry.<init>(Ljava/util/zip/ZipEntry;)V @ 70
Event: 1.795 Thread 0x0000000020082000 Uncommon trap: reason=bimorphic action=maybe_recompile pc=0x00000000030ca424 method=java.util.HashMap.putVal(ILjava/lang/Object;Ljava/lang/Object;ZZ)Ljava/lang/Object; @ 203
Event: 1.798 Thread 0x0000000020082000 Uncommon trap: reason=bimorphic action=maybe_recompile pc=0x00000000030ca424 method=java.util.HashMap.putVal(ILjava/lang/Object;Ljava/lang/Object;ZZ)Ljava/lang/Object; @ 203
Event: 1.801 Thread 0x0000000020082000 Uncommon trap: reason=bimorphic action=maybe_recompile pc=0x00000000030c6bf4 method=java.util.HashMap.putVal(ILjava/lang/Object;Ljava/lang/Object;ZZ)Ljava/lang/Object; @ 203
Event: 1.803 Thread 0x0000000002bc3000 Uncommon trap: reason=unstable_if action=reinterpret pc=0x0000000002f06a68 method=java.util.HashMap.hash(Ljava/lang/Object;)I @ 1
Event: 2.350 Thread 0x0000000020082000 Uncommon trap: reason=unstable_if action=reinterpret pc=0x000000000312aaa8 method=jdk.internal.org.objectweb.asm.Type.getArgumentsAndReturnSizes(Ljava/lang/String;)I @ 47
Event: 2.374 Thread 0x0000000020082000 Uncommon trap: reason=unstable_if action=reinterpret pc=0x00000000030bb004 method=java.util.concurrent.ConcurrentHashMap.addCount(JI)V @ 34
Event: 2.480 Thread 0x0000000002bc3000 Uncommon trap: reason=unstable_if action=reinterpret pc=0x0000000003231f90 method=org.springframework.asm.ClassReader.readUTF8(I[C)Ljava/lang/String; @ 11
Event: 2.536 Thread 0x0000000002bc3000 Uncommon trap: reason=unstable_if action=reinterpret pc=0x000000000310eb2c method=org.springframework.boot.context.properties.source.ConfigurationPropertyName$ElementsParser.isValidChar(CI)Z @ 21

Classes redefined (0 events):
No events

Internal exceptions (10 events):
Event: 1.973 Thread 0x0000000002bc3000 Exception <a 'java/lang/ClassNotFoundException': org/springframework/core/PriorityOrderedCustomizer> (0x000000076b414178) thrown at [C:\re\workspace\8-2-build-windows-amd64-cygwin\jdk8u201\12322\hotspot\src\share\vm\classfile\systemDictionary.cpp, line 21
Event: 1.975 Thread 0x0000000002bc3000 Exception <a 'java/lang/ClassNotFoundException': org/springframework/core/OrderedCustomizer> (0x000000076b4279c0) thrown at [C:\re\workspace\8-2-build-windows-amd64-cygwin\jdk8u201\12322\hotspot\src\share\vm\classfile\systemDictionary.cpp, line 210]
Event: 1.976 Thread 0x0000000002bc3000 Exception <a 'java/lang/ClassNotFoundException': org/springframework/context/ResourceLoaderAwareCustomizer> (0x000000076b440350) thrown at [C:\re\workspace\8-2-build-windows-amd64-cygwin\jdk8u201\12322\hotspot\src\share\vm\classfile\systemDictionary.cpp, 
Event: 1.977 Thread 0x0000000002bc3000 Exception <a 'java/lang/ClassNotFoundException': org/springframework/beans/factory/AwareCustomizer> (0x000000076b456ee0) thrown at [C:\re\workspace\8-2-build-windows-amd64-cygwin\jdk8u201\12322\hotspot\src\share\vm\classfile\systemDictionary.cpp, line 210
Event: 1.978 Thread 0x0000000002bc3000 Exception <a 'java/lang/ClassNotFoundException': org/springframework/beans/factory/BeanClassLoaderAwareCustomizer> (0x000000076b470d50) thrown at [C:\re\workspace\8-2-build-windows-amd64-cygwin\jdk8u201\12322\hotspot\src\share\vm\classfile\systemDictionar
Event: 1.979 Thread 0x0000000002bc3000 Exception <a 'java/lang/ClassNotFoundException': org/springframework/beans/factory/AwareCustomizer> (0x000000076b4878f8) thrown at [C:\re\workspace\8-2-build-windows-amd64-cygwin\jdk8u201\12322\hotspot\src\share\vm\classfile\systemDictionary.cpp, line 210
Event: 1.980 Thread 0x0000000002bc3000 Exception <a 'java/lang/ClassNotFoundException': org/springframework/context/EnvironmentAwareCustomizer> (0x000000076b49e978) thrown at [C:\re\workspace\8-2-build-windows-amd64-cygwin\jdk8u201\12322\hotspot\src\share\vm\classfile\systemDictionary.cpp, lin
Event: 1.981 Thread 0x0000000002bc3000 Exception <a 'java/lang/ClassNotFoundException': org/springframework/beans/factory/AwareCustomizer> (0x000000076b4b5400) thrown at [C:\re\workspace\8-2-build-windows-amd64-cygwin\jdk8u201\12322\hotspot\src\share\vm\classfile\systemDictionary.cpp, line 210
Event: 2.358 Thread 0x0000000020082000 Exception <a 'java/lang/IncompatibleClassChangeError': Found class java.lang.Object, but interface was expected> (0x000000076c8bebb0) thrown at [C:\re\workspace\8-2-build-windows-amd64-cygwin\jdk8u201\12322\hotspot\src\share\vm\interpreter\linkResolver.cp
Event: 2.363 Thread 0x0000000002bc3000 Exception <a 'java/lang/IncompatibleClassChangeError': Found class java.lang.Object, but interface was expected> (0x000000076ca34fc0) thrown at [C:\re\workspace\8-2-build-windows-amd64-cygwin\jdk8u201\12322\hotspot\src\share\vm\interpreter\linkResolver.cp

Events (10 events):
Event: 2.711 loading class com/google/gson/Gson
Event: 2.711 loading class com/google/gson/Gson done
Event: 2.711 loading class javax/json/bind/Jsonb
Event: 2.711 loading class javax/json/bind/Jsonb done
Event: 2.712 loading class org/springframework/data/web/config/EnableSpringDataWebSupport
Event: 2.712 loading class org/springframework/data/web/config/EnableSpringDataWebSupport done
Event: 2.713 loading class org/springframework/data/web/config/EnableSpringDataWebSupport$SpringDataWebConfigurationImportSelector
Event: 2.713 loading class org/springframework/data/web/config/EnableSpringDataWebSupport$SpringDataWebConfigurationImportSelector done
Event: 2.714 loading class org/springframework/data/web/config/EnableSpringDataWebSupport$QuerydslActivator
Event: 2.714 loading class org/springframework/data/web/config/EnableSpringDataWebSupport$QuerydslActivator done


Dynamic libraries:
0x00007ff773020000 - 0x00007ff773057000 	C:\Program Files\Java\jdk1.8.0_201\jre\bin\java.exe
0x00007ffe3d8d0000 - 0x00007ffe3dac5000 	C:\WINDOWS\SYSTEM32\ntdll.dll
0x00007ffe3d580000 - 0x00007ffe3d63e000 	C:\WINDOWS\System32\KERNEL32.DLL
0x00007ffe3b180000 - 0x00007ffe3b449000 	C:\WINDOWS\System32\KERNELBASE.dll
0x00007ffe3c3f0000 - 0x00007ffe3c49c000 	C:\WINDOWS\System32\ADVAPI32.dll
0x00007ffe3c040000 - 0x00007ffe3c0de000 	C:\WINDOWS\System32\msvcrt.dll
0x00007ffe3d7f0000 - 0x00007ffe3d88b000 	C:\WINDOWS\System32\sechost.dll
0x00007ffe3d280000 - 0x00007ffe3d3aa000 	C:\WINDOWS\System32\RPCRT4.dll
0x00007ffe3d640000 - 0x00007ffe3d7e1000 	C:\WINDOWS\System32\USER32.dll
0x00007ffe3b630000 - 0x00007ffe3b652000 	C:\WINDOWS\System32\win32u.dll
0x00007ffe3bf80000 - 0x00007ffe3bfab000 	C:\WINDOWS\System32\GDI32.dll
0x00007ffe3b520000 - 0x00007ffe3b62b000 	C:\WINDOWS\System32\gdi32full.dll
0x00007ffe3b480000 - 0x00007ffe3b51d000 	C:\WINDOWS\System32\msvcp_win.dll
0x00007ffe3b080000 - 0x00007ffe3b180000 	C:\WINDOWS\System32\ucrtbase.dll
0x00007ffe25200000 - 0x00007ffe2549a000 	C:\WINDOWS\WinSxS\amd64_microsoft.windows.common-controls_6595b64144ccf1df_6.0.19041.1110_none_60b5254171f9507e\COMCTL32.dll
0x00007ffe3cab0000 - 0x00007ffe3cae0000 	C:\WINDOWS\System32\IMM32.DLL
0x000000006b8a0000 - 0x000000006b971000 	C:\Program Files\Java\jdk1.8.0_201\jre\bin\msvcr100.dll
0x000000006aff0000 - 0x000000006b894000 	C:\Program Files\Java\jdk1.8.0_201\jre\bin\server\jvm.dll
0x00007ffe3c030000 - 0x00007ffe3c038000 	C:\WINDOWS\System32\PSAPI.DLL
0x00007ffe24af0000 - 0x00007ffe24af9000 	C:\WINDOWS\SYSTEM32\WSOCK32.dll
0x00007ffe2ec40000 - 0x00007ffe2ec67000 	C:\WINDOWS\SYSTEM32\WINMM.dll
0x00007ffe323b0000 - 0x00007ffe323ba000 	C:\WINDOWS\SYSTEM32\VERSION.dll
0x00007ffe3d430000 - 0x00007ffe3d49b000 	C:\WINDOWS\System32\WS2_32.dll
0x00007ffe363c0000 - 0x00007ffe363cf000 	C:\Program Files\Java\jdk1.8.0_201\jre\bin\verify.dll
0x00007ffe258f0000 - 0x00007ffe25919000 	C:\Program Files\Java\jdk1.8.0_201\jre\bin\java.dll
0x00007ffe2ee10000 - 0x00007ffe2ee26000 	C:\Program Files\Java\jdk1.8.0_201\jre\bin\zip.dll
0x00007ffe3cae0000 - 0x00007ffe3d21f000 	C:\WINDOWS\System32\SHELL32.dll
0x00007ffe390f0000 - 0x00007ffe39880000 	C:\WINDOWS\SYSTEM32\windows.storage.dll
0x00007ffe3c6f0000 - 0x00007ffe3ca45000 	C:\WINDOWS\System32\combase.dll
0x00007ffe3aa40000 - 0x00007ffe3aa6c000 	C:\WINDOWS\SYSTEM32\Wldp.dll
0x00007ffe3c0f0000 - 0x00007ffe3c19d000 	C:\WINDOWS\System32\SHCORE.dll
0x00007ffe3bfd0000 - 0x00007ffe3c025000 	C:\WINDOWS\System32\shlwapi.dll
0x00007ffe3af30000 - 0x00007ffe3af4f000 	C:\WINDOWS\SYSTEM32\profapi.dll
0x00007ffe34360000 - 0x00007ffe3436d000 	C:\Program Files\Java\jdk1.8.0_201\jre\bin\management.dll
0x00007ffe258d0000 - 0x00007ffe258ea000 	C:\Program Files\Java\jdk1.8.0_201\jre\bin\net.dll
0x00007ffe2c3d0000 - 0x00007ffe2c5bb000 	C:\WINDOWS\SYSTEM32\urlmon.dll
0x00007ffe2c070000 - 0x00007ffe2c320000 	C:\WINDOWS\SYSTEM32\iertutil.dll
0x00007ffe2c320000 - 0x00007ffe2c348000 	C:\WINDOWS\SYSTEM32\srvcli.dll
0x00007ffe3a480000 - 0x00007ffe3a48c000 	C:\WINDOWS\SYSTEM32\netutils.dll
0x00007ffe3a7a0000 - 0x00007ffe3a80a000 	C:\WINDOWS\system32\mswsock.dll
0x00007ffe25780000 - 0x00007ffe25791000 	C:\Program Files\Java\jdk1.8.0_201\jre\bin\nio.dll
0x00007ffe1b490000 - 0x00007ffe1b4a7000 	C:\WINDOWS\system32\napinsp.dll
0x00007ffe1b370000 - 0x00007ffe1b38b000 	C:\WINDOWS\system32\pnrpnsp.dll
0x00007ffe35890000 - 0x00007ffe358a5000 	C:\WINDOWS\system32\wshbth.dll
0x00007ffe36300000 - 0x00007ffe3631d000 	C:\WINDOWS\system32\NLAapi.dll
0x00007ffe3a440000 - 0x00007ffe3a47b000 	C:\WINDOWS\SYSTEM32\IPHLPAPI.DLL
0x00007ffe3a490000 - 0x00007ffe3a55c000 	C:\WINDOWS\SYSTEM32\DNSAPI.dll
0x00007ffe3c530000 - 0x00007ffe3c538000 	C:\WINDOWS\System32\NSI.dll
0x00007ffe1b970000 - 0x00007ffe1b982000 	C:\WINDOWS\System32\winrnr.dll
0x00007ffe2df30000 - 0x00007ffe2df3a000 	C:\Windows\System32\rasadhlp.dll
0x00007ffe2ec70000 - 0x00007ffe2ecef000 	C:\WINDOWS\System32\fwpuclnt.dll
0x00007ffe3b450000 - 0x00007ffe3b477000 	C:\WINDOWS\System32\bcrypt.dll

VM Arguments:
java_command: C:\Users\ALOUIO~1\AppData\Local\Temp\surefire6758695296751916512\surefirebooter4087514988318506318.jar C:\Users\Aloui Omar\AppData\Local\Temp\surefire6758695296751916512 2021-10-19T15-04-32_249-jvmRun1 surefire1485139979423531794tmp surefire_07040671070115371479tmp
java_class_path (initial): C:\Users\ALOUIO~1\AppData\Local\Temp\surefire6758695296751916512\surefirebooter4087514988318506318.jar
Launcher Type: SUN_STANDARD

Environment Variables:
JAVA_HOME=C:\Program Files\Java\jdk1.8.0_201
USERNAME=Aloui Omar
OS=Windows_NT
PROCESSOR_IDENTIFIER=Intel64 Family 6 Model 158 Stepping 9, GenuineIntel



---------------  S Y S T E M  ---------------

OS: Windows 10.0 , 64 bit Build 19041 (10.0.19041.1202)

CPU:total 8 (initial active 8) (4 cores per cpu, 2 threads per core) family 6 model 158 stepping 9, cmov, cx8, fxsr, mmx, sse, sse2, sse3, ssse3, sse4.1, sse4.2, popcnt, avx, avx2, aes, clmul, erms, 3dnowpref, lzcnt, ht, tsc, tscinvbit, bmi1, bmi2, adx

Memory: 4k page, physical 16729056k(5191716k free), swap 19801056k(5884k free)

vm_info: Java HotSpot(TM) 64-Bit Server VM (25.201-b09) for windows-amd64 JRE (1.8.0_201-b09), built on Dec 15 2018 18:36:39 by "java_re" with MS VC++ 10.0 (VS2010)

time: Tue Oct 19 15:04:35 2021
timezone: Afr. centrale Ouest
elapsed time: 2 seconds (0d 0h 0m 2s)

