#
# There is insufficient memory for the Java Runtime Environment to continue.
# Native memory allocation (malloc) failed to allocate 726576 bytes for Chunk::new
# Possible reasons:
#   The system is out of physical RAM or swap space
#   The process is running with CompressedOops enabled, and the Java Heap may be blocking the growth of the native heap
# Possible solutions:
#   Reduce memory load on the system
#   Increase physical memory or swap space
#   Check if swap backing store is full
#   Decrease Java heap size (-Xmx/-Xms)
#   Decrease number of Java threads
#   Decrease Java thread stack sizes (-Xss)
#   Set larger code cache with -XX:ReservedCodeCacheSize=
#   JVM is running with Zero Based Compressed Oops mode in which the Java heap is
#     placed in the first 32GB address space. The Java Heap base address is the
#     maximum limit for the native heap growth. Please use -XX:HeapBaseMinAddress
#     to set the Java Heap base and to place the Java Heap above 32GB virtual address.
# This output file may be truncated or incomplete.
#
#  Out of Memory Error (allocation.cpp:390), pid=16260, tid=0x0000000000001b2c
#
# JRE version: Java(TM) SE Runtime Environment (8.0_201-b09) (build 1.8.0_201-b09)
# Java VM: Java HotSpot(TM) 64-Bit Server VM (25.201-b09 mixed mode windows-amd64 compressed oops)
# Failed to write core dump. Minidumps are not enabled by default on client versions of Windows
#

---------------  T H R E A D  ---------------

Current thread (0x000000001ece7000):  JavaThread "C2 CompilerThread1" daemon [_thread_in_native, id=6956, stack(0x000000001f6e0000,0x000000001f7e0000)]

Stack: [0x000000001f6e0000,0x000000001f7e0000]
[error occurred during error reporting (printing stack bounds), id 0xc0000005]

Native frames: (J=compiled Java code, j=interpreted, Vv=VM code, C=native code)


Current CompileTask:
C2:  17423 7894       4       org.objectweb.asm.ClassReader::readMethod (1111 bytes)


---------------  P R O C E S S  ---------------

Java Threads: ( => current thread )
  0x0000000022858000 JavaThread "CLEANUP_MANAGER" [_thread_blocked, id=19700, stack(0x0000000026780000,0x0000000026880000)]
  0x0000000022857000 JavaThread "CHECKPOINT_WRITER" [_thread_blocked, id=7432, stack(0x0000000026680000,0x0000000026780000)]
  0x000000002285b800 JavaThread "TXN_UPDATE" [_thread_blocked, id=13944, stack(0x0000000026580000,0x0000000026680000)]
  0x0000000022855000 JavaThread "PAGE_WRITER:8192" [_thread_blocked, id=16736, stack(0x0000000026380000,0x0000000026480000)]
  0x0000000022859800 JavaThread "JOURNAL_FLUSHER" [_thread_blocked, id=16104, stack(0x0000000026280000,0x0000000026380000)]
  0x0000000022856800 JavaThread "JOURNAL_COPIER" [_thread_blocked, id=17104, stack(0x0000000026180000,0x0000000026280000)]
  0x0000000022855800 JavaThread "LOG_FLUSHER" daemon [_thread_blocked, id=2600, stack(0x0000000026080000,0x0000000026180000)]
  0x0000000021231800 JavaThread "Okio Watchdog" daemon [_thread_blocked, id=10692, stack(0x0000000025910000,0x0000000025a10000)]
  0x0000000022074800 JavaThread "OkHttp ConnectionPool" daemon [_thread_blocked, id=7520, stack(0x0000000025640000,0x0000000025740000)]
  0x000000002105c800 JavaThread "Okio Watchdog" daemon [_thread_blocked, id=21324, stack(0x0000000025540000,0x0000000025640000)]
  0x0000000022fce800 JavaThread "OkHttp ConnectionPool" daemon [_thread_blocked, id=21148, stack(0x0000000025440000,0x0000000025540000)]
  0x000000001ed78000 JavaThread "Service Thread" daemon [_thread_blocked, id=12668, stack(0x000000001f9e0000,0x000000001fae0000)]
  0x000000001ecfa000 JavaThread "C1 CompilerThread3" daemon [_thread_in_native, id=5468, stack(0x000000001f8e0000,0x000000001f9e0000)]
  0x000000001ecea000 JavaThread "C2 CompilerThread2" daemon [_thread_in_native, id=1408, stack(0x000000001f7e0000,0x000000001f8e0000)]
=>0x000000001ece7000 JavaThread "C2 CompilerThread1" daemon [_thread_in_native, id=6956, stack(0x000000001f6e0000,0x000000001f7e0000)]
  0x000000001ece5000 JavaThread "C2 CompilerThread0" daemon [_thread_in_native, id=14904, stack(0x000000001f5e0000,0x000000001f6e0000)]
  0x000000001ece3000 JavaThread "Attach Listener" daemon [_thread_blocked, id=20156, stack(0x000000001f4e0000,0x000000001f5e0000)]
  0x000000001ece2000 JavaThread "Signal Dispatcher" daemon [_thread_blocked, id=10516, stack(0x000000001f3e0000,0x000000001f4e0000)]
  0x000000001ecd0800 JavaThread "Finalizer" daemon [_thread_blocked, id=21180, stack(0x000000001f1b0000,0x000000001f2b0000)]
  0x000000001ceec800 JavaThread "Reference Handler" daemon [_thread_blocked, id=13912, stack(0x000000001f0b0000,0x000000001f1b0000)]
  0x0000000003333800 JavaThread "main" [_thread_in_native_trans, id=15196, stack(0x0000000003230000,0x0000000003330000)]

Other Threads:
  0x000000001cee8000 VMThread [stack: 0x000000001ebb0000,0x000000001ecb0000] [id=11892]
  0x000000001ed9a800 WatcherThread [stack: 0x000000001fae0000,0x000000001fbe0000] [id=14656]

VM state:not at safepoint (normal execution)

VM Mutex/Monitor currently owned by a thread: None

heap address: 0x00000006c0a00000, size: 4086 MB, Compressed Oops mode: Zero based, Oop shift amount: 3
Narrow klass base: 0x0000000000000000, Narrow klass shift: 3
Compressed class space size: 1073741824 Address: 0x00000007c0000000

Heap:
 PSYoungGen      total 260096K, used 43142K [0x000000076ae00000, 0x000000077d400000, 0x00000007c0000000)
  eden space 224256K, 19% used [0x000000076ae00000,0x000000076d821948,0x0000000778900000)
  from space 35840K, 0% used [0x000000077b100000,0x000000077b100000,0x000000077d400000)
  to   space 38400K, 0% used [0x0000000778900000,0x0000000778900000,0x000000077ae80000)
 ParOldGen       total 335872K, used 72426K [0x00000006c0a00000, 0x00000006d5200000, 0x000000076ae00000)
  object space 335872K, 21% used [0x00000006c0a00000,0x00000006c50ba998,0x00000006d5200000)
 Metaspace       used 62304K, capacity 64772K, committed 64920K, reserved 1105920K
  class space    used 8274K, capacity 8861K, committed 8880K, reserved 1048576K

Card table byte_map: [0x00000000127f0000,0x0000000012ff0000] byte_map_base: 0x000000000f1eb000

Marking Bits: (ParMarkBitMap*) 0x000000006b814ce0
 Begin Bits: [0x0000000013d50000, 0x0000000017d28000)
 End Bits:   [0x0000000017d28000, 0x000000001bd00000)

Polling page: 0x00000000018e0000

CodeCache: size=245760Kb used=22877Kb max_used=22892Kb free=222882Kb
 bounds [0x0000000003430000, 0x0000000004ab0000, 0x0000000012430000]
 total_blobs=8207 nmethods=7704 adapters=414
 compilation: enabled

Compilation events (10 events):
Event: 17.387 Thread 0x000000001ecfa000 nmethod 8717 0x00000000041dc4d0 code [0x00000000041dc640, 0x00000000041dc838]
Event: 17.387 Thread 0x000000001ecfa000 8721       3       com.persistit.Key::isRightEdge (24 bytes)
Event: 17.387 Thread 0x000000001ecfa000 nmethod 8721 0x00000000041dc050 code [0x00000000041dc1c0, 0x00000000041dc3d0]
Event: 17.387 Thread 0x000000001ecfa000 8719   !   3       com.persistit.Exchange::traverse (1299 bytes)
Event: 17.409 Thread 0x000000001ecfa000 nmethod 8719 0x0000000004a9ef90 code [0x0000000004a9f8c0, 0x0000000004aa7268]
Event: 17.409 Thread 0x000000001ecfa000 8726       1       com.persistit.FastIndex::putRunCount (9 bytes)
Event: 17.410 Thread 0x000000001ecfa000 nmethod 8726 0x00000000039e11d0 code [0x00000000039e1320, 0x00000000039e1450]
Event: 17.410 Thread 0x000000001ecfa000 8740       1       com.persistit.Buffer::decodeTailBlockKLength (8 bytes)
Event: 17.410 Thread 0x000000001ecfa000 nmethod 8740 0x000000000415d190 code [0x000000000415d2e0, 0x000000000415d3d0]
Event: 17.410 Thread 0x000000001ecfa000 8724       3       org.sonar.api.utils.KeyValueFormat$FieldParser::next (84 bytes)

GC Heap History (10 events):
Event: 6.955 GC heap before
{Heap before GC invocations=7 (full 2):
 PSYoungGen      total 141824K, used 10722K [0x000000076ae00000, 0x000000077bd80000, 0x00000007c0000000)
  eden space 131072K, 0% used [0x000000076ae00000,0x000000076ae00000,0x0000000772e00000)
  from space 10752K, 99% used [0x0000000772e00000,0x0000000773878bc8,0x0000000773880000)
  to   space 43008K, 0% used [0x0000000779380000,0x0000000779380000,0x000000077bd80000)
 ParOldGen       total 134656K, used 61834K [0x00000006c0a00000, 0x00000006c8d80000, 0x000000076ae00000)
  object space 134656K, 45% used [0x00000006c0a00000,0x00000006c4662a18,0x00000006c8d80000)
 Metaspace       used 34189K, capacity 35392K, committed 35496K, reserved 1081344K
  class space    used 4174K, capacity 4496K, committed 4528K, reserved 1048576K
Event: 7.063 GC heap after
Heap after GC invocations=7 (full 2):
 PSYoungGen      total 141824K, used 0K [0x000000076ae00000, 0x000000077bd80000, 0x00000007c0000000)
  eden space 131072K, 0% used [0x000000076ae00000,0x000000076ae00000,0x0000000772e00000)
  from space 10752K, 0% used [0x0000000772e00000,0x0000000772e00000,0x0000000773880000)
  to   space 43008K, 0% used [0x0000000779380000,0x0000000779380000,0x000000077bd80000)
 ParOldGen       total 265728K, used 70251K [0x00000006c0a00000, 0x00000006d0d80000, 0x000000076ae00000)
  object space 265728K, 26% used [0x00000006c0a00000,0x00000006c4e9ac00,0x00000006d0d80000)
 Metaspace       used 34189K, capacity 35392K, committed 35496K, reserved 1081344K
  class space    used 4174K, capacity 4496K, committed 4528K, reserved 1048576K
}
Event: 10.182 GC heap before
{Heap before GC invocations=8 (full 2):
 PSYoungGen      total 141824K, used 131072K [0x000000076ae00000, 0x000000077bd80000, 0x00000007c0000000)
  eden space 131072K, 100% used [0x000000076ae00000,0x0000000772e00000,0x0000000772e00000)
  from space 10752K, 0% used [0x0000000772e00000,0x0000000772e00000,0x0000000773880000)
  to   space 43008K, 0% used [0x0000000779380000,0x0000000779380000,0x000000077bd80000)
 ParOldGen       total 265728K, used 70251K [0x00000006c0a00000, 0x00000006d0d80000, 0x000000076ae00000)
  object space 265728K, 26% used [0x00000006c0a00000,0x00000006c4e9ac00,0x00000006d0d80000)
 Metaspace       used 47946K, capacity 49296K, committed 49576K, reserved 1091584K
  class space    used 6408K, capacity 6823K, committed 6832K, reserved 1048576K
Event: 10.210 GC heap after
Heap after GC invocations=8 (full 2):
 PSYoungGen      total 194048K, used 18092K [0x000000076ae00000, 0x000000077a700000, 0x00000007c0000000)
  eden space 174080K, 0% used [0x000000076ae00000,0x000000076ae00000,0x0000000775800000)
  from space 19968K, 90% used [0x0000000779380000,0x000000077a52b3d8,0x000000077a700000)
  to   space 40448K, 0% used [0x0000000775800000,0x0000000775800000,0x0000000777f80000)
 ParOldGen       total 265728K, used 70259K [0x00000006c0a00000, 0x00000006d0d80000, 0x000000076ae00000)
  object space 265728K, 26% used [0x00000006c0a00000,0x00000006c4e9cc00,0x00000006d0d80000)
 Metaspace       used 47946K, capacity 49296K, committed 49576K, reserved 1091584K
  class space    used 6408K, capacity 6823K, committed 6832K, reserved 1048576K
}
Event: 13.782 GC heap before
{Heap before GC invocations=9 (full 2):
 PSYoungGen      total 194048K, used 192172K [0x000000076ae00000, 0x000000077a700000, 0x00000007c0000000)
  eden space 174080K, 100% used [0x000000076ae00000,0x0000000775800000,0x0000000775800000)
  from space 19968K, 90% used [0x0000000779380000,0x000000077a52b3d8,0x000000077a700000)
  to   space 40448K, 0% used [0x0000000775800000,0x0000000775800000,0x0000000777f80000)
 ParOldGen       total 265728K, used 70259K [0x00000006c0a00000, 0x00000006d0d80000, 0x000000076ae00000)
  object space 265728K, 26% used [0x00000006c0a00000,0x00000006c4e9cc00,0x00000006d0d80000)
 Metaspace       used 55443K, capacity 57562K, committed 57768K, reserved 1099776K
  class space    used 7336K, capacity 7846K, committed 7856K, reserved 1048576K
Event: 13.813 GC heap after
Heap after GC invocations=9 (full 2):
 PSYoungGen      total 214528K, used 16568K [0x000000076ae00000, 0x000000077d700000, 0x00000007c0000000)
  eden space 174080K, 0% used [0x000000076ae00000,0x000000076ae00000,0x0000000775800000)
  from space 40448K, 40% used [0x0000000775800000,0x000000077682e218,0x0000000777f80000)
  to   space 38912K, 0% used [0x000000077b100000,0x000000077b100000,0x000000077d700000)
 ParOldGen       total 265728K, used 70267K [0x00000006c0a00000, 0x00000006d0d80000, 0x000000076ae00000)
  object space 265728K, 26% used [0x00000006c0a00000,0x00000006c4e9ec00,0x00000006d0d80000)
 Metaspace       used 55443K, capacity 57562K, committed 57768K, reserved 1099776K
  class space    used 7336K, capacity 7846K, committed 7856K, reserved 1048576K
}
Event: 15.735 GC heap before
{Heap before GC invocations=10 (full 2):
 PSYoungGen      total 214528K, used 170661K [0x000000076ae00000, 0x000000077d700000, 0x00000007c0000000)
  eden space 174080K, 88% used [0x000000076ae00000,0x000000077447b4c8,0x0000000775800000)
  from space 40448K, 40% used [0x0000000775800000,0x000000077682e218,0x0000000777f80000)
  to   space 38912K, 0% used [0x000000077b100000,0x000000077b100000,0x000000077d700000)
 ParOldGen       total 265728K, used 70267K [0x00000006c0a00000, 0x00000006d0d80000, 0x000000076ae00000)
  object space 265728K, 26% used [0x00000006c0a00000,0x00000006c4e9ec00,0x00000006d0d80000)
 Metaspace       used 56768K, capacity 59098K, committed 59160K, reserved 1099776K
  class space    used 7448K, capacity 7970K, committed 7984K, reserved 1048576K
Event: 15.757 GC heap after
Heap after GC invocations=10 (full 2):
 PSYoungGen      total 260096K, used 12173K [0x000000076ae00000, 0x000000077d400000, 0x00000007c0000000)
  eden space 224256K, 0% used [0x000000076ae00000,0x000000076ae00000,0x0000000778900000)
  from space 35840K, 33% used [0x000000077b100000,0x000000077bce35b0,0x000000077d400000)
  to   space 38400K, 0% used [0x0000000778900000,0x0000000778900000,0x000000077ae80000)
 ParOldGen       total 265728K, used 70275K [0x00000006c0a00000, 0x00000006d0d80000, 0x000000076ae00000)
  object space 265728K, 26% used [0x00000006c0a00000,0x00000006c4ea0c00,0x00000006d0d80000)
 Metaspace       used 56768K, capacity 59098K, committed 59160K, reserved 1099776K
  class space    used 7448K, capacity 7970K, committed 7984K, reserved 1048576K
}
Event: 15.757 GC heap before
{Heap before GC invocations=11 (full 3):
 PSYoungGen      total 260096K, used 12173K [0x000000076ae00000, 0x000000077d400000, 0x00000007c0000000)
  eden space 224256K, 0% used [0x000000076ae00000,0x000000076ae00000,0x0000000778900000)
  from space 35840K, 33% used [0x000000077b100000,0x000000077bce35b0,0x000000077d400000)
  to   space 38400K, 0% used [0x0000000778900000,0x0000000778900000,0x000000077ae80000)
 ParOldGen       total 265728K, used 70275K [0x00000006c0a00000, 0x00000006d0d80000, 0x000000076ae00000)
  object space 265728K, 26% used [0x00000006c0a00000,0x00000006c4ea0c00,0x00000006d0d80000)
 Metaspace       used 56768K, capacity 59098K, committed 59160K, reserved 1099776K
  class space    used 7448K, capacity 7970K, committed 7984K, reserved 1048576K
Event: 16.090 GC heap after
Heap after GC invocations=11 (full 3):
 PSYoungGen      total 260096K, used 0K [0x000000076ae00000, 0x000000077d400000, 0x00000007c0000000)
  eden space 224256K, 0% used [0x000000076ae00000,0x000000076ae00000,0x0000000778900000)
  from space 35840K, 0% used [0x000000077b100000,0x000000077b100000,0x000000077d400000)
  to   space 38400K, 0% used [0x0000000778900000,0x0000000778900000,0x000000077ae80000)
 ParOldGen       total 335872K, used 72426K [0x00000006c0a00000, 0x00000006d5200000, 0x000000076ae00000)
  object space 335872K, 21% used [0x00000006c0a00000,0x00000006c50ba998,0x00000006d5200000)
 Metaspace       used 56768K, capacity 59098K, committed 59160K, reserved 1099776K
  class space    used 7448K, capacity 7970K, committed 7984K, reserved 1048576K
}

Deoptimization events (10 events):
Event: 17.009 Thread 0x0000000003333800 Uncommon trap: reason=unstable_if action=reinterpret pc=0x0000000003fb3180 method=java.util.Properties.getProperty(Ljava/lang/String;)Ljava/lang/String; @ 30
Event: 17.072 Thread 0x0000000003333800 Uncommon trap: reason=unstable_if action=reinterpret pc=0x000000000411783c method=java.util.jar.Manifest.getTrustedAttributes(Ljava/lang/String;)Ljava/util/jar/Attributes; @ 7
Event: 17.360 Thread 0x0000000003333800 Uncommon trap: reason=bimorphic action=maybe_recompile pc=0x0000000003887818 method=java.util.Collections$UnmodifiableMap$UnmodifiableEntrySet$UnmodifiableEntry.getKey()Ljava/lang/Object; @ 4
Event: 17.360 Thread 0x0000000003333800 Uncommon trap: reason=bimorphic action=maybe_recompile pc=0x0000000003eb5258 method=java.util.Collections$UnmodifiableMap$UnmodifiableEntrySet$UnmodifiableEntry.getValue()Ljava/lang/Object; @ 4
Event: 17.361 Thread 0x0000000003333800 Uncommon trap: reason=bimorphic action=maybe_recompile pc=0x0000000003eb5258 method=java.util.Collections$UnmodifiableMap$UnmodifiableEntrySet$UnmodifiableEntry.getValue()Ljava/lang/Object; @ 4
Event: 17.363 Thread 0x0000000003333800 Uncommon trap: reason=bimorphic action=maybe_recompile pc=0x0000000003887818 method=java.util.Collections$UnmodifiableMap$UnmodifiableEntrySet$UnmodifiableEntry.getKey()Ljava/lang/Object; @ 4
Event: 17.363 Thread 0x0000000003333800 Uncommon trap: reason=bimorphic action=maybe_recompile pc=0x0000000003eb5258 method=java.util.Collections$UnmodifiableMap$UnmodifiableEntrySet$UnmodifiableEntry.getValue()Ljava/lang/Object; @ 4
Event: 17.363 Thread 0x0000000003333800 Uncommon trap: reason=bimorphic action=maybe_recompile pc=0x0000000003eb5258 method=java.util.Collections$UnmodifiableMap$UnmodifiableEntrySet$UnmodifiableEntry.getValue()Ljava/lang/Object; @ 4
Event: 17.363 Thread 0x0000000003333800 Uncommon trap: reason=bimorphic action=maybe_recompile pc=0x0000000003887818 method=java.util.Collections$UnmodifiableMap$UnmodifiableEntrySet$UnmodifiableEntry.getKey()Ljava/lang/Object; @ 4
Event: 17.365 Thread 0x0000000003333800 Uncommon trap: reason=bimorphic action=maybe_recompile pc=0x0000000003887818 method=java.util.Collections$UnmodifiableMap$UnmodifiableEntrySet$UnmodifiableEntry.getKey()Ljava/lang/Object; @ 4

Classes redefined (0 events):
No events

Internal exceptions (10 events):
Event: 16.990 Thread 0x0000000003333800 Implicit null exception at 0x00000000045053df to 0x000000000450824d
Event: 17.020 Thread 0x0000000003333800 Exception <a 'java/lang/ClassCastException': com.sun.xml.bind.v2.runtime.unmarshaller.StAXConnector$1 cannot be cast to org.xml.sax.ext.Locator2> (0x000000076cc33a80) thrown at [C:\re\workspace\8-2-build-windows-amd64-cygwin\jdk8u201\12322\hotspot\src\sha
Event: 17.024 Thread 0x0000000003333800 Exception <a 'java/lang/ClassCastException': com.sun.xml.bind.v2.runtime.unmarshaller.StAXConnector$1 cannot be cast to org.xml.sax.ext.Locator2> (0x000000076cc3c7c0) thrown at [C:\re\workspace\8-2-build-windows-amd64-cygwin\jdk8u201\12322\hotspot\src\sha
Event: 17.033 Thread 0x000000002285a000 Exception <a 'java/lang/InterruptedException': sleep interrupted> (0x000000076cf05980) thrown at [C:\re\workspace\8-2-build-windows-amd64-cygwin\jdk8u201\12322\hotspot\src\share\vm\prims\jvm.cpp, line 3340]
Event: 17.061 Thread 0x0000000003333800 Exception <a 'java/security/PrivilegedActionException'> (0x000000076ccac620) thrown at [C:\re\workspace\8-2-build-windows-amd64-cygwin\jdk8u201\12322\hotspot\src\share\vm\prims\jvm.cpp, line 1502]
Event: 17.061 Thread 0x0000000003333800 Exception <a 'java/security/PrivilegedActionException'> (0x000000076ccacc00) thrown at [C:\re\workspace\8-2-build-windows-amd64-cygwin\jdk8u201\12322\hotspot\src\share\vm\prims\jvm.cpp, line 1502]
Event: 17.062 Thread 0x0000000003333800 Exception <a 'java/security/PrivilegedActionException'> (0x000000076ccaf458) thrown at [C:\re\workspace\8-2-build-windows-amd64-cygwin\jdk8u201\12322\hotspot\src\share\vm\prims\jvm.cpp, line 1502]
Event: 17.062 Thread 0x0000000003333800 Exception <a 'java/security/PrivilegedActionException'> (0x000000076ccafa38) thrown at [C:\re\workspace\8-2-build-windows-amd64-cygwin\jdk8u201\12322\hotspot\src\share\vm\prims\jvm.cpp, line 1502]
Event: 17.062 Thread 0x0000000003333800 Exception <a 'java/security/PrivilegedActionException'> (0x000000076ccb22d8) thrown at [C:\re\workspace\8-2-build-windows-amd64-cygwin\jdk8u201\12322\hotspot\src\share\vm\prims\jvm.cpp, line 1502]
Event: 17.062 Thread 0x0000000003333800 Exception <a 'java/security/PrivilegedActionException'> (0x000000076ccb28b8) thrown at [C:\re\workspace\8-2-build-windows-amd64-cygwin\jdk8u201\12322\hotspot\src\share\vm\prims\jvm.cpp, line 1502]

Events (10 events):
Event: 17.363 Thread 0x0000000003333800 DEOPT UNPACKING pc=0x000000000347583b sp=0x000000000332c830 mode 2
Event: 17.365 Thread 0x0000000003333800 Uncommon trap: trap_request=0xffffffc6 fr.pc=0x0000000003887818
Event: 17.365 Thread 0x0000000003333800 DEOPT PACKING pc=0x0000000003887818 sp=0x000000000332c8a0
Event: 17.365 Thread 0x0000000003333800 DEOPT UNPACKING pc=0x000000000347583b sp=0x000000000332c830 mode 2
Event: 17.370 loading class com/persistit/encoding/CoderContext
Event: 17.370 loading class com/persistit/encoding/CoderContext done
Event: 17.370 loading class com/persistit/encoding/CoderContext
Event: 17.370 loading class com/persistit/encoding/CoderContext done
Event: 17.370 loading class com/persistit/encoding/CoderContext
Event: 17.370 loading class com/persistit/encoding/CoderContext done


Dynamic libraries:
0x00007ff78d8e0000 - 0x00007ff78d917000 	C:\Program Files\Java\jdk1.8.0_201\bin\java.exe
0x00007ffe3d8d0000 - 0x00007ffe3dac5000 	C:\WINDOWS\SYSTEM32\ntdll.dll
0x00007ffe3d580000 - 0x00007ffe3d63e000 	C:\WINDOWS\System32\KERNEL32.DLL
0x00007ffe3b180000 - 0x00007ffe3b449000 	C:\WINDOWS\System32\KERNELBASE.dll
0x00007ffe3c3f0000 - 0x00007ffe3c49c000 	C:\WINDOWS\System32\ADVAPI32.dll
0x00007ffe3c040000 - 0x00007ffe3c0de000 	C:\WINDOWS\System32\msvcrt.dll
0x00007ffe3d7f0000 - 0x00007ffe3d88b000 	C:\WINDOWS\System32\sechost.dll
0x00007ffe3d280000 - 0x00007ffe3d3aa000 	C:\WINDOWS\System32\RPCRT4.dll
0x00007ffe3d640000 - 0x00007ffe3d7e1000 	C:\WINDOWS\System32\USER32.dll
0x00007ffe3b630000 - 0x00007ffe3b652000 	C:\WINDOWS\System32\win32u.dll
0x00007ffe3bf80000 - 0x00007ffe3bfab000 	C:\WINDOWS\System32\GDI32.dll
0x00007ffe3b520000 - 0x00007ffe3b62b000 	C:\WINDOWS\System32\gdi32full.dll
0x00007ffe3b480000 - 0x00007ffe3b51d000 	C:\WINDOWS\System32\msvcp_win.dll
0x00007ffe3b080000 - 0x00007ffe3b180000 	C:\WINDOWS\System32\ucrtbase.dll
0x00007ffe25200000 - 0x00007ffe2549a000 	C:\WINDOWS\WinSxS\amd64_microsoft.windows.common-controls_6595b64144ccf1df_6.0.19041.1110_none_60b5254171f9507e\COMCTL32.dll
0x00007ffe3cab0000 - 0x00007ffe3cae0000 	C:\WINDOWS\System32\IMM32.DLL
0x000000006b8a0000 - 0x000000006b971000 	C:\Program Files\Java\jdk1.8.0_201\jre\bin\msvcr100.dll
0x000000006aff0000 - 0x000000006b894000 	C:\Program Files\Java\jdk1.8.0_201\jre\bin\server\jvm.dll
0x00007ffe3c030000 - 0x00007ffe3c038000 	C:\WINDOWS\System32\PSAPI.DLL
0x00007ffe323b0000 - 0x00007ffe323ba000 	C:\WINDOWS\SYSTEM32\VERSION.dll
0x00007ffe2ec40000 - 0x00007ffe2ec67000 	C:\WINDOWS\SYSTEM32\WINMM.dll
0x00007ffe24af0000 - 0x00007ffe24af9000 	C:\WINDOWS\SYSTEM32\WSOCK32.dll
0x00007ffe3d430000 - 0x00007ffe3d49b000 	C:\WINDOWS\System32\WS2_32.dll
0x00007ffe1c060000 - 0x00007ffe1c06f000 	C:\Program Files\Java\jdk1.8.0_201\jre\bin\verify.dll
0x00007ffe0c580000 - 0x00007ffe0c5a9000 	C:\Program Files\Java\jdk1.8.0_201\jre\bin\java.dll
0x00007ffe10bf0000 - 0x00007ffe10c06000 	C:\Program Files\Java\jdk1.8.0_201\jre\bin\zip.dll
0x00007ffe3cae0000 - 0x00007ffe3d21f000 	C:\WINDOWS\System32\SHELL32.dll
0x00007ffe390f0000 - 0x00007ffe39880000 	C:\WINDOWS\SYSTEM32\windows.storage.dll
0x00007ffe3c6f0000 - 0x00007ffe3ca45000 	C:\WINDOWS\System32\combase.dll
0x00007ffe3aa40000 - 0x00007ffe3aa6c000 	C:\WINDOWS\SYSTEM32\Wldp.dll
0x00007ffe3c0f0000 - 0x00007ffe3c19d000 	C:\WINDOWS\System32\SHCORE.dll
0x00007ffe3bfd0000 - 0x00007ffe3c025000 	C:\WINDOWS\System32\shlwapi.dll
0x00007ffe3af30000 - 0x00007ffe3af4f000 	C:\WINDOWS\SYSTEM32\profapi.dll
0x00007ffe363d0000 - 0x00007ffe363da000 	C:\products\apache-maven-3.8.1-bin\lib\jansi-native\windows64\jansi.dll
0x00007ffe2ee40000 - 0x00007ffe2ee64000 	C:\Program Files\Java\jdk1.8.0_201\jre\bin\sunec.dll
0x00007ffe12970000 - 0x00007ffe1298a000 	C:\Program Files\Java\jdk1.8.0_201\jre\bin\net.dll
0x00007ffe2c3d0000 - 0x00007ffe2c5bb000 	C:\WINDOWS\SYSTEM32\urlmon.dll
0x00007ffe3a480000 - 0x00007ffe3a48c000 	C:\WINDOWS\SYSTEM32\netutils.dll
0x00007ffe2c320000 - 0x00007ffe2c348000 	C:\WINDOWS\SYSTEM32\srvcli.dll
0x00007ffe2c070000 - 0x00007ffe2c320000 	C:\WINDOWS\SYSTEM32\iertutil.dll
0x00007ffe3a7a0000 - 0x00007ffe3a80a000 	C:\WINDOWS\system32\mswsock.dll
0x00007ffe3a440000 - 0x00007ffe3a47b000 	C:\WINDOWS\SYSTEM32\IPHLPAPI.DLL
0x00007ffe3c530000 - 0x00007ffe3c538000 	C:\WINDOWS\System32\NSI.dll
0x00007ffe33870000 - 0x00007ffe33887000 	C:\WINDOWS\SYSTEM32\dhcpcsvc6.DLL
0x00007ffe33940000 - 0x00007ffe3395d000 	C:\WINDOWS\SYSTEM32\dhcpcsvc.DLL
0x00007ffe3a490000 - 0x00007ffe3a55c000 	C:\WINDOWS\SYSTEM32\DNSAPI.dll
0x00007ffe101b0000 - 0x00007ffe101c1000 	C:\Program Files\Java\jdk1.8.0_201\jre\bin\nio.dll
0x00007ffe3a990000 - 0x00007ffe3a9a8000 	C:\WINDOWS\SYSTEM32\CRYPTSP.dll
0x00007ffe3a0b0000 - 0x00007ffe3a0e4000 	C:\WINDOWS\system32\rsaenh.dll
0x00007ffe3b450000 - 0x00007ffe3b477000 	C:\WINDOWS\System32\bcrypt.dll
0x00007ffe3aeb0000 - 0x00007ffe3aede000 	C:\WINDOWS\SYSTEM32\USERENV.dll
0x00007ffe3aff0000 - 0x00007ffe3b073000 	C:\WINDOWS\System32\bcryptprimitives.dll
0x00007ffe3a9b0000 - 0x00007ffe3a9bc000 	C:\WINDOWS\SYSTEM32\CRYPTBASE.dll
0x00007ffe363c0000 - 0x00007ffe363cb000 	C:\Program Files\Java\jdk1.8.0_201\jre\bin\sunmscapi.dll
0x00007ffe3b6c0000 - 0x00007ffe3b816000 	C:\WINDOWS\System32\CRYPT32.dll
0x00007ffe2df30000 - 0x00007ffe2df3a000 	C:\Windows\System32\rasadhlp.dll
0x00007ffe2ec70000 - 0x00007ffe2ecef000 	C:\WINDOWS\System32\fwpuclnt.dll
0x00007ffe36350000 - 0x00007ffe3635d000 	C:\Program Files\Java\jdk1.8.0_201\jre\bin\management.dll

VM Arguments:
jvm_args: -Dclassworlds.conf=C:\products\apache-maven-3.8.1-bin\bin\..\bin\m2.conf -Dmaven.home=C:\products\apache-maven-3.8.1-bin\bin\.. -Dlibrary.jansi.path=C:\products\apache-maven-3.8.1-bin\bin\..\lib\jansi-native -Dmaven.multiModuleProjectDirectory=D:\devops\Timesheet-spring-boot-core-data-jpa-mvc-REST-1 
java_command: org.codehaus.plexus.classworlds.launcher.Launcher sonar:sonar
java_class_path (initial): C:\products\apache-maven-3.8.1-bin\bin\..\boot\plexus-classworlds-2.6.0.jar
Launcher Type: SUN_STANDARD

Environment Variables:
JAVA_HOME=C:\Program Files\Java\jdk1.8.0_201
USERNAME=Aloui Omar
OS=Windows_NT
PROCESSOR_IDENTIFIER=Intel64 Family 6 Model 158 Stepping 9, GenuineIntel



---------------  S Y S T E M  ---------------

OS: Windows 10.0 , 64 bit Build 19041 (10.0.19041.1202)

CPU:total 8 (initial active 8) (4 cores per cpu, 2 threads per core) family 6 model 158 stepping 9, cmov, cx8, fxsr, mmx, sse, sse2, sse3, ssse3, sse4.1, sse4.2, popcnt, avx, avx2, aes, clmul, erms, 3dnowpref, lzcnt, ht, tsc, tscinvbit, bmi1, bmi2, adx

Memory: 4k page, physical 16729056k(5016336k free), swap 19801056k(5460k free)

vm_info: Java HotSpot(TM) 64-Bit Server VM (25.201-b09) for windows-amd64 JRE (1.8.0_201-b09), built on Dec 15 2018 18:36:39 by "java_re" with MS VC++ 10.0 (VS2010)

time: Tue Oct 19 14:47:15 2021
timezone: Afr. centrale Ouest
elapsed time: 17 seconds (0d 0h 0m 17s)

