2021-11-11 11:58:42.885  INFO 23160 --- [main] tn.esprit.spring.test.EntrepriseTest     : Starting EntrepriseTest on DESKTOP-FQV0OGR with PID 23160 (started by med ali in C:\Users\med ali\Desktop\5 eme\MS\Timesheet-spring-boot-core-data-jpa-mvc-REST-1)
2021-11-11 11:58:42.900  INFO 23160 --- [main] tn.esprit.spring.test.EntrepriseTest     : No active profile set, falling back to default profiles: default
2021-11-11 11:58:47.685  INFO 23160 --- [main] .s.d.r.c.RepositoryConfigurationDelegate : Bootstrapping Spring Data repositories in DEFAULT mode.
2021-11-11 11:58:48.150  INFO 23160 --- [main] .s.d.r.c.RepositoryConfigurationDelegate : Finished Spring Data repository scanning in 424ms. Found 6 repository interfaces.
2021-11-11 11:58:50.496  INFO 23160 --- [main] trationDelegate$BeanPostProcessorChecker : Bean 'org.springframework.transaction.annotation.ProxyTransactionManagementConfiguration' of type [org.springframework.transaction.annotation.ProxyTransactionManagementConfiguration$$EnhancerBySpringCGLIB$$fa6e7181] is not eligible for getting processed by all BeanPostProcessors (for example: not eligible for auto-proxying)
2021-11-11 11:58:52.836  INFO 23160 --- [main] com.zaxxer.hikari.HikariDataSource       : HikariPool-1 - Starting...
2021-11-11 11:58:53.620  INFO 23160 --- [main] com.zaxxer.hikari.HikariDataSource       : HikariPool-1 - Start completed.
2021-11-11 11:58:53.960  INFO 23160 --- [main] o.hibernate.jpa.internal.util.LogHelper  : HHH000204: Processing PersistenceUnitInfo [
	name: default
	...]
2021-11-11 11:58:54.179  INFO 23160 --- [main] org.hibernate.Version                    : HHH000412: Hibernate Core {5.3.9.Final}
2021-11-11 11:58:54.183  INFO 23160 --- [main] org.hibernate.cfg.Environment            : HHH000206: hibernate.properties not found
2021-11-11 11:58:54.673  INFO 23160 --- [main] o.hibernate.annotations.common.Version   : HCANN000001: Hibernate Commons Annotations {5.0.4.Final}
2021-11-11 11:58:55.550  INFO 23160 --- [main] org.hibernate.dialect.Dialect            : HHH000400: Using dialect: org.hibernate.dialect.MySQL5Dialect
2021-11-11 11:58:58.427  INFO 23160 --- [main] j.LocalContainerEntityManagerFactoryBean : Initialized JPA EntityManagerFactory for persistence unit 'default'
2021-11-11 11:59:00.322  INFO 23160 --- [main] o.h.h.i.QueryTranslatorFactoryInitiator  : HHH000397: Using ASTQueryTranslatorFactory
2021-11-11 11:59:03.425  INFO 23160 --- [main] o.s.s.concurrent.ThreadPoolTaskExecutor  : Initializing ExecutorService 'applicationTaskExecutor'
2021-11-11 11:59:03.762  WARN 23160 --- [main] aWebConfiguration$JpaWebMvcConfiguration : spring.jpa.open-in-view is enabled by default. Therefore, database queries may be performed during view rendering. Explicitly configure spring.jpa.open-in-view to disable this warning
2021-11-11 11:59:05.370  INFO 23160 --- [main] tn.esprit.spring.test.EntrepriseTest     : Started EntrepriseTest in 24.764 seconds (JVM running for 29.345)
2021-11-11 11:59:06.900  INFO 23160 --- [main] tn.esprit.spring.config.LoggingAspect    : Method execution time: 637 milliseconds.
2021-11-11 11:59:07.018  INFO 23160 --- [main] tn.esprit.spring.config.LoggingAspect    : Method execution time: 116 milliseconds.
2021-11-11 11:59:07.044  INFO 23160 --- [main] tn.esprit.spring.config.LoggingAspect    : Method execution time: 12 milliseconds.
2021-11-11 11:59:07.180  INFO 23160 --- [main] tn.esprit.spring.config.LoggingAspect    : Method execution time: 53 milliseconds.
2021-11-11 11:59:07.194  INFO 23160 --- [main] tn.esprit.spring.config.LoggingAspect    : Method execution time: 10 milliseconds.
2021-11-11 11:59:07.854  INFO 23160 --- [Thread-2] o.s.s.concurrent.ThreadPoolTaskExecutor  : Shutting down ExecutorService 'applicationTaskExecutor'
2021-11-11 11:59:07.863  INFO 23160 --- [Thread-2] j.LocalContainerEntityManagerFactoryBean : Closing JPA EntityManagerFactory for persistence unit 'default'
2021-11-11 11:59:07.871  INFO 23160 --- [Thread-2] com.zaxxer.hikari.HikariDataSource       : HikariPool-1 - Shutdown initiated...
2021-11-11 11:59:08.330  INFO 23160 --- [Thread-2] com.zaxxer.hikari.HikariDataSource       : HikariPool-1 - Shutdown completed.
